# JRE version: OpenJDK Runtime Environment Temurin-21.0.8+9 (21.0.8+9) (build 21.0.8+9-LTS)
# Java VM: OpenJDK 64-Bit Server VM Temurin-21.0.8+9 (21.0.8+9-LTS, mixed mode, sharing, tiered, compressed oops, compressed class ptrs, parallel gc, windows-amd64)
GC Precious Log:
 CardTable entry size: 512
 CPUs: 8 total, 8 available
 Memory: 6030M
 Large Page Support: Disabled
 NUMA Support: Disabled
 Compressed Oops: Enabled (32-bit)
 Alignments: Space 512K, Generation 512K, Heap 2M
 Heap Min Capacity: 100M
 Heap Initial Capacity: 100M
 Heap Max Capacity: 2G
 Pre-touch: Disabled
 Parallel Workers: 8
Heap:
 PSYoungGen      total 1536K, used 557K [0x00000000d5580000, 0x00000000d5800000, 0x0000000100000000)
  eden space 1024K, 13% used [0x00000000d5580000,0x00000000d55a34a8,0x00000000d5680000)
  from space 512K, 81% used [0x00000000d5680000,0x00000000d56e8040,0x00000000d5700000)
  to   space 512K, 0% used [0x00000000d5780000,0x00000000d5780000,0x00000000d5800000)
 ParOldGen       total 1003520K, used 101270K [0x0000000080000000, 0x00000000bd400000, 0x00000000d5580000)
  object space 1003520K, 10% used [0x0000000080000000,0x00000000862e5ad0,0x00000000bd400000)
 Metaspace       used 74104K, committed 76672K, reserved 1179648K
  class space    used 7704K, committed 8704K, reserved 1048576K
GC Heap History (20 events):
Event: 7981.651 GC heap before
{Heap before GC invocations=2346 (full 3):
 PSYoungGen      total 1536K, used 1248K [0x00000000d5580000, 0x00000000d5800000, 0x0000000100000000)
  eden space 1024K, 100% used [0x00000000d5580000,0x00000000d5680000,0x00000000d5680000)
  from space 512K, 43% used [0x00000000d5780000,0x00000000d57b8000,0x00000000d5800000)
  to   space 512K, 0% used [0x00000000d5680000,0x00000000d5680000,0x00000000d5700000)
 ParOldGen       total 971264K, used 971112K [0x0000000080000000, 0x00000000bb480000, 0x00000000d5580000)
  object space 971264K, 99% used [0x0000000080000000,0x00000000bb45a170,0x00000000bb480000)
 Metaspace       used 75574K, committed 77312K, reserved 1179648K
  class space    used 7911K, committed 8704K, reserved 1048576K
}
Event: 7981.663 GC heap after
{Heap after GC invocations=2346 (full 3):
 PSYoungGen      total 1536K, used 512K [0x00000000d5580000, 0x00000000d5880000, 0x0000000100000000)
  eden space 1024K, 0% used [0x00000000d5580000,0x00000000d5580000,0x00000000d5680000)
  from space 512K, 100% used [0x00000000d5680000,0x00000000d5700000,0x00000000d5700000)
  to   space 1024K, 0% used [0x00000000d5780000,0x00000000d5780000,0x00000000d5880000)
 ParOldGen       total 971264K, used 971176K [0x0000000080000000, 0x00000000bb480000, 0x00000000d5580000)
  object space 971264K, 99% used [0x0000000080000000,0x00000000bb46a170,0x00000000bb480000)
 Metaspace       used 75574K, committed 77312K, reserved 1179648K
  class space    used 7911K, committed 8704K, reserved 1048576K
}
Event: 7982.025 GC heap before
{Heap before GC invocations=2347 (full 3):
 PSYoungGen      total 1536K, used 1535K [0x00000000d5580000, 0x00000000d5880000, 0x0000000100000000)
  eden space 1024K, 99% used [0x00000000d5580000,0x00000000d567ffd0,0x00000000d5680000)
  from space 512K, 100% used [0x00000000d5680000,0x00000000d5700000,0x00000000d5700000)
  to   space 1024K, 0% used [0x00000000d5780000,0x00000000d5780000,0x00000000d5880000)
 ParOldGen       total 971264K, used 971176K [0x0000000080000000, 0x00000000bb480000, 0x00000000d5580000)
  object space 971264K, 99% used [0x0000000080000000,0x00000000bb46a170,0x00000000bb480000)
 Metaspace       used 75589K, committed 77312K, reserved 1179648K
  class space    used 7911K, committed 8704K, reserved 1048576K
}
Event: 7982.033 GC heap after
{Heap after GC invocations=2347 (full 3):
 PSYoungGen      total 1536K, used 224K [0x00000000d5580000, 0x00000000d5800000, 0x0000000100000000)
  eden space 1024K, 0% used [0x00000000d5580000,0x00000000d5580000,0x00000000d5680000)
  from space 512K, 43% used [0x00000000d5780000,0x00000000d57b8000,0x00000000d5800000)
  to   space 512K, 0% used [0x00000000d5680000,0x00000000d5680000,0x00000000d5700000)
 ParOldGen       total 971776K, used 971549K [0x0000000080000000, 0x00000000bb500000, 0x00000000d5580000)
  object space 971776K, 99% used [0x0000000080000000,0x00000000bb4c7488,0x00000000bb500000)
 Metaspace       used 75589K, committed 77312K, reserved 1179648K
  class space    used 7911K, committed 8704K, reserved 1048576K
}
Event: 7982.473 GC heap before
{Heap before GC invocations=2348 (full 3):
 PSYoungGen      total 1536K, used 1248K [0x00000000d5580000, 0x00000000d5800000, 0x0000000100000000)
  eden space 1024K, 100% used [0x00000000d5580000,0x00000000d5680000,0x00000000d5680000)
  from space 512K, 43% used [0x00000000d5780000,0x00000000d57b8000,0x00000000d5800000)
  to   space 512K, 0% used [0x00000000d5680000,0x00000000d5680000,0x00000000d5700000)
 ParOldGen       total 971776K, used 971549K [0x0000000080000000, 0x00000000bb500000, 0x00000000d5580000)
  object space 971776K, 99% used [0x0000000080000000,0x00000000bb4c7488,0x00000000bb500000)
 Metaspace       used 75601K, committed 77312K, reserved 1179648K
  class space    used 7911K, committed 8704K, reserved 1048576K
}
Event: 7982.482 GC heap after
{Heap after GC invocations=2348 (full 3):
 PSYoungGen      total 1536K, used 384K [0x00000000d5580000, 0x00000000d5800000, 0x0000000100000000)
  eden space 1024K, 0% used [0x00000000d5580000,0x00000000d5580000,0x00000000d5680000)
  from space 512K, 75% used [0x00000000d5680000,0x00000000d56e0000,0x00000000d5700000)
  to   space 512K, 0% used [0x00000000d5780000,0x00000000d5780000,0x00000000d5800000)
 ParOldGen       total 971776K, used 971693K [0x0000000080000000, 0x00000000bb500000, 0x00000000d5580000)
  object space 971776K, 99% used [0x0000000080000000,0x00000000bb4eb488,0x00000000bb500000)
 Metaspace       used 75601K, committed 77312K, reserved 1179648K
  class space    used 7911K, committed 8704K, reserved 1048576K
}
Event: 7982.762 GC heap before
{Heap before GC invocations=2349 (full 3):
 PSYoungGen      total 1536K, used 1408K [0x00000000d5580000, 0x00000000d5800000, 0x0000000100000000)
  eden space 1024K, 100% used [0x00000000d5580000,0x00000000d5680000,0x00000000d5680000)
  from space 512K, 75% used [0x00000000d5680000,0x00000000d56e0000,0x00000000d5700000)
  to   space 512K, 0% used [0x00000000d5780000,0x00000000d5780000,0x00000000d5800000)
 ParOldGen       total 1003520K, used 1002413K [0x0000000080000000, 0x00000000bd400000, 0x00000000d5580000)
  object space 1003520K, 99% used [0x0000000080000000,0x00000000bd2eb4b8,0x00000000bd400000)
 Metaspace       used 75611K, committed 77376K, reserved 1179648K
  class space    used 7911K, committed 8704K, reserved 1048576K
}
Event: 7982.769 GC heap after
{Heap after GC invocations=2349 (full 3):
 PSYoungGen      total 1536K, used 288K [0x00000000d5580000, 0x00000000d5800000, 0x0000000100000000)
  eden space 1024K, 0% used [0x00000000d5580000,0x00000000d5580000,0x00000000d5680000)
  from space 512K, 56% used [0x00000000d5780000,0x00000000d57c8000,0x00000000d5800000)
  to   space 512K, 0% used [0x00000000d5680000,0x00000000d5680000,0x00000000d5700000)
 ParOldGen       total 1003520K, used 1002665K [0x0000000080000000, 0x00000000bd400000, 0x00000000d5580000)
  object space 1003520K, 99% used [0x0000000080000000,0x00000000bd32a4c8,0x00000000bd400000)
 Metaspace       used 75611K, committed 77376K, reserved 1179648K
  class space    used 7911K, committed 8704K, reserved 1048576K
}
Event: 7982.769 GC heap before
{Heap before GC invocations=2350 (full 4):
 PSYoungGen      total 1536K, used 288K [0x00000000d5580000, 0x00000000d5800000, 0x0000000100000000)
  eden space 1024K, 0% used [0x00000000d5580000,0x00000000d5580000,0x00000000d5680000)
  from space 512K, 56% used [0x00000000d5780000,0x00000000d57c8000,0x00000000d5800000)
  to   space 512K, 0% used [0x00000000d5680000,0x00000000d5680000,0x00000000d5700000)
 ParOldGen       total 1003520K, used 1002665K [0x0000000080000000, 0x00000000bd400000, 0x00000000d5580000)
  object space 1003520K, 99% used [0x0000000080000000,0x00000000bd32a4c8,0x00000000bd400000)
 Metaspace       used 75611K, committed 77376K, reserved 1179648K
  class space    used 7911K, committed 8704K, reserved 1048576K
}
Event: 7988.546 GC heap after
{Heap after GC invocations=2350 (full 4):
 PSYoungGen      total 1536K, used 0K [0x00000000d5580000, 0x00000000d5800000, 0x0000000100000000)
  eden space 1024K, 0% used [0x00000000d5580000,0x00000000d5580000,0x00000000d5680000)
  from space 512K, 0% used [0x00000000d5780000,0x00000000d5780000,0x00000000d5800000)
  to   space 512K, 0% used [0x00000000d5680000,0x00000000d5680000,0x00000000d5700000)
 ParOldGen       total 1003520K, used 100902K [0x0000000080000000, 0x00000000bd400000, 0x00000000d5580000)
  object space 1003520K, 10% used [0x0000000080000000,0x0000000086289ac0,0x00000000bd400000)
 Metaspace       used 74093K, committed 76672K, reserved 1179648K
  class space    used 7704K, committed 8704K, reserved 1048576K
}
Event: 7989.381 GC heap before
{Heap before GC invocations=2351 (full 4):
 PSYoungGen      total 1536K, used 1024K [0x00000000d5580000, 0x00000000d5800000, 0x0000000100000000)
  eden space 1024K, 100% used [0x00000000d5580000,0x00000000d5680000,0x00000000d5680000)
  from space 512K, 0% used [0x00000000d5780000,0x00000000d5780000,0x00000000d5800000)
  to   space 512K, 0% used [0x00000000d5680000,0x00000000d5680000,0x00000000d5700000)
 ParOldGen       total 1003520K, used 100902K [0x0000000080000000, 0x00000000bd400000, 0x00000000d5580000)
  object space 1003520K, 10% used [0x0000000080000000,0x0000000086289ac0,0x00000000bd400000)
 Metaspace       used 74095K, committed 76672K, reserved 1179648K
  class space    used 7704K, committed 8704K, reserved 1048576K
}
Event: 7989.385 GC heap after
{Heap after GC invocations=2351 (full 4):
 PSYoungGen      total 1536K, used 224K [0x00000000d5580000, 0x00000000d5800000, 0x0000000100000000)
  eden space 1024K, 0% used [0x00000000d5580000,0x00000000d5580000,0x00000000d5680000)
  from space 512K, 43% used [0x00000000d5680000,0x00000000d56b8000,0x00000000d5700000)
  to   space 512K, 0% used [0x00000000d5780000,0x00000000d5780000,0x00000000d5800000)
 ParOldGen       total 1003520K, used 100902K [0x0000000080000000, 0x00000000bd400000, 0x00000000d5580000)
  object space 1003520K, 10% used [0x0000000080000000,0x0000000086289ac0,0x00000000bd400000)
 Metaspace       used 74095K, committed 76672K, reserved 1179648K
  class space    used 7704K, committed 8704K, reserved 1048576K
}
Event: 8276.207 GC heap before
{Heap before GC invocations=2352 (full 4):
 PSYoungGen      total 1536K, used 1246K [0x00000000d5580000, 0x00000000d5800000, 0x0000000100000000)
  eden space 1024K, 99% used [0x00000000d5580000,0x00000000d567fa28,0x00000000d5680000)
  from space 512K, 43% used [0x00000000d5680000,0x00000000d56b8000,0x00000000d5700000)
  to   space 512K, 0% used [0x00000000d5780000,0x00000000d5780000,0x00000000d5800000)
 ParOldGen       total 1003520K, used 100902K [0x0000000080000000, 0x00000000bd400000, 0x00000000d5580000)
  object space 1003520K, 10% used [0x0000000080000000,0x0000000086289ac0,0x00000000bd400000)
 Metaspace       used 74098K, committed 76672K, reserved 1179648K
  class space    used 7704K, committed 8704K, reserved 1048576K
}
Event: 8276.272 GC heap after
{Heap after GC invocations=2352 (full 4):
 PSYoungGen      total 1536K, used 224K [0x00000000d5580000, 0x00000000d5800000, 0x0000000100000000)
  eden space 1024K, 0% used [0x00000000d5580000,0x00000000d5580000,0x00000000d5680000)
  from space 512K, 43% used [0x00000000d5780000,0x00000000d57b8000,0x00000000d5800000)
  to   space 512K, 0% used [0x00000000d5680000,0x00000000d5680000,0x00000000d5700000)
 ParOldGen       total 1003520K, used 101014K [0x0000000080000000, 0x00000000bd400000, 0x00000000d5580000)
  object space 1003520K, 10% used [0x0000000080000000,0x00000000862a5ac0,0x00000000bd400000)
 Metaspace       used 74098K, committed 76672K, reserved 1179648K
  class space    used 7704K, committed 8704K, reserved 1048576K
}
Event: 8277.010 GC heap before
{Heap before GC invocations=2353 (full 4):
 PSYoungGen      total 1536K, used 1248K [0x00000000d5580000, 0x00000000d5800000, 0x0000000100000000)
  eden space 1024K, 100% used [0x00000000d5580000,0x00000000d5680000,0x00000000d5680000)
  from space 512K, 43% used [0x00000000d5780000,0x00000000d57b8000,0x00000000d5800000)
  to   space 512K, 0% used [0x00000000d5680000,0x00000000d5680000,0x00000000d5700000)
 ParOldGen       total 1003520K, used 101014K [0x0000000080000000, 0x00000000bd400000, 0x00000000d5580000)
  object space 1003520K, 10% used [0x0000000080000000,0x00000000862a5ac0,0x00000000bd400000)
 Metaspace       used 74099K, committed 76672K, reserved 1179648K
  class space    used 7704K, committed 8704K, reserved 1048576K
}
Event: 8277.014 GC heap after
{Heap after GC invocations=2353 (full 4):
 PSYoungGen      total 1536K, used 256K [0x00000000d5580000, 0x00000000d5800000, 0x0000000100000000)
  eden space 1024K, 0% used [0x00000000d5580000,0x00000000d5580000,0x00000000d5680000)
  from space 512K, 50% used [0x00000000d5680000,0x00000000d56c0000,0x00000000d5700000)
  to   space 512K, 0% used [0x00000000d5780000,0x00000000d5780000,0x00000000d5800000)
 ParOldGen       total 1003520K, used 101070K [0x0000000080000000, 0x00000000bd400000, 0x00000000d5580000)
  object space 1003520K, 10% used [0x0000000080000000,0x00000000862b3ac0,0x00000000bd400000)
 Metaspace       used 74099K, committed 76672K, reserved 1179648K
  class space    used 7704K, committed 8704K, reserved 1048576K
}
Event: 8277.380 GC heap before
{Heap before GC invocations=2354 (full 4):
 PSYoungGen      total 1536K, used 1280K [0x00000000d5580000, 0x00000000d5800000, 0x0000000100000000)
  eden space 1024K, 100% used [0x00000000d5580000,0x00000000d5680000,0x00000000d5680000)
  from space 512K, 50% used [0x00000000d5680000,0x00000000d56c0000,0x00000000d5700000)
  to   space 512K, 0% used [0x00000000d5780000,0x00000000d5780000,0x00000000d5800000)
 ParOldGen       total 1003520K, used 101070K [0x0000000080000000, 0x00000000bd400000, 0x00000000d5580000)
  object space 1003520K, 10% used [0x0000000080000000,0x00000000862b3ac0,0x00000000bd400000)
 Metaspace       used 74104K, committed 76672K, reserved 1179648K
  class space    used 7704K, committed 8704K, reserved 1048576K
}
Event: 8277.384 GC heap after
{Heap after GC invocations=2354 (full 4):
 PSYoungGen      total 1536K, used 320K [0x00000000d5580000, 0x00000000d5800000, 0x0000000100000000)
  eden space 1024K, 0% used [0x00000000d5580000,0x00000000d5580000,0x00000000d5680000)
  from space 512K, 62% used [0x00000000d5780000,0x00000000d57d0000,0x00000000d5800000)
  to   space 512K, 0% used [0x00000000d5680000,0x00000000d5680000,0x00000000d5700000)
 ParOldGen       total 1003520K, used 101198K [0x0000000080000000, 0x00000000bd400000, 0x00000000d5580000)
  object space 1003520K, 10% used [0x0000000080000000,0x00000000862d3ac0,0x00000000bd400000)
 Metaspace       used 74104K, committed 76672K, reserved 1179648K
  class space    used 7704K, committed 8704K, reserved 1048576K
}
Event: 8277.535 GC heap before
{Heap before GC invocations=2355 (full 4):
 PSYoungGen      total 1536K, used 1334K [0x00000000d5580000, 0x00000000d5800000, 0x0000000100000000)
  eden space 1024K, 99% used [0x00000000d5580000,0x00000000d567da10,0x00000000d5680000)
  from space 512K, 62% used [0x00000000d5780000,0x00000000d57d0000,0x00000000d5800000)
  to   space 512K, 0% used [0x00000000d5680000,0x00000000d5680000,0x00000000d5700000)
 ParOldGen       total 1003520K, used 101198K [0x0000000080000000, 0x00000000bd400000, 0x00000000d5580000)
  object space 1003520K, 10% used [0x0000000080000000,0x00000000862d3ac0,0x00000000bd400000)
 Metaspace       used 74104K, committed 76672K, reserved 1179648K
  class space    used 7704K, committed 8704K, reserved 1048576K
}
Event: 8277.538 GC heap after
{Heap after GC invocations=2355 (full 4):
 PSYoungGen      total 1536K, used 416K [0x00000000d5580000, 0x00000000d5800000, 0x0000000100000000)
  eden space 1024K, 0% used [0x00000000d5580000,0x00000000d5580000,0x00000000d5680000)
  from space 512K, 81% used [0x00000000d5680000,0x00000000d56e8040,0x00000000d5700000)
  to   space 512K, 0% used [0x00000000d5780000,0x00000000d5780000,0x00000000d5800000)
 ParOldGen       total 1003520K, used 101270K [0x0000000080000000, 0x00000000bd400000, 0x00000000d5580000)
  object space 1003520K, 10% used [0x0000000080000000,0x00000000862e5ad0,0x00000000bd400000)
 Metaspace       used 74104K, committed 76672K, reserved 1179648K
  class space    used 7704K, committed 8704K, reserved 1048576K
}

